# JRE version: OpenJDK Runtime Environment Microsoft-12574423 (17.0.17+10) (build 17.0.17+10-LTS)
# Java VM: OpenJDK 64-Bit Server VM Microsoft-12574423 (17.0.17+10-LTS, mixed mode, sharing, tiered, compressed oops, compressed class ptrs, g1 gc, windows-amd64)
GC Precious Log:
 CPUs: 4 total, 4 available
 Memory: 8119M
 Large Page Support: Disabled
 NUMA Support: Disabled
 Compressed Oops: Enabled (32-bit)
 Heap Region Size: 1M
 Heap Min Capacity: 8M
 Heap Initial Capacity: 128M
 Heap Max Capacity: 2G
 Pre-touch: Disabled
 Parallel Workers: 4
 Concurrent Workers: 1
 Concurrent Refinement Workers: 4
 Periodic GC: Disabled
Heap:
 garbage-first heap   total 414720K, used 369582K [0x0000000080000000, 0x0000000100000000)
  region size 1024K, 12 young (12288K), 2 survivors (2048K)
 Metaspace       used 137639K, committed 140224K, reserved 557056K
  class space    used 18456K, committed 19712K, reserved 425984K
GC Heap History (20 events):
Event: 2152.540 GC heap before
{Heap before GC invocations=105 (full 0):
 garbage-first heap   total 414720K, used 357974K [0x0000000080000000, 0x0000000100000000)
  region size 1024K, 41 young (41984K), 7 survivors (7168K)
 Metaspace       used 137059K, committed 139520K, reserved 557056K
  class space    used 18417K, committed 19648K, reserved 425984K
}
Event: 2152.574 GC heap after
{Heap after GC invocations=106 (full 0):
 garbage-first heap   total 414720K, used 327014K [0x0000000080000000, 0x0000000100000000)
  region size 1024K, 4 young (4096K), 4 survivors (4096K)
 Metaspace       used 137059K, committed 139520K, reserved 557056K
  class space    used 18417K, committed 19648K, reserved 425984K
}
Event: 2155.130 GC heap before
{Heap before GC invocations=106 (full 0):
 garbage-first heap   total 414720K, used 359782K [0x0000000080000000, 0x0000000100000000)
  region size 1024K, 36 young (36864K), 4 survivors (4096K)
 Metaspace       used 137184K, committed 139648K, reserved 557056K
  class space    used 18425K, committed 19648K, reserved 425984K
}
Event: 2155.159 GC heap after
{Heap after GC invocations=107 (full 0):
 garbage-first heap   total 414720K, used 332494K [0x0000000080000000, 0x0000000100000000)
  region size 1024K, 5 young (5120K), 5 survivors (5120K)
 Metaspace       used 137184K, committed 139648K, reserved 557056K
  class space    used 18425K, committed 19648K, reserved 425984K
}
Event: 2156.758 GC heap before
{Heap before GC invocations=107 (full 0):
 garbage-first heap   total 414720K, used 359118K [0x0000000080000000, 0x0000000100000000)
  region size 1024K, 32 young (32768K), 5 survivors (5120K)
 Metaspace       used 137235K, committed 139712K, reserved 557056K
  class space    used 18426K, committed 19648K, reserved 425984K
}
Event: 2156.778 GC heap after
{Heap after GC invocations=108 (full 0):
 garbage-first heap   total 414720K, used 335897K [0x0000000080000000, 0x0000000100000000)
  region size 1024K, 4 young (4096K), 4 survivors (4096K)
 Metaspace       used 137235K, committed 139712K, reserved 557056K
  class space    used 18426K, committed 19648K, reserved 425984K
}
Event: 2157.862 GC heap before
{Heap before GC invocations=108 (full 0):
 garbage-first heap   total 414720K, used 360473K [0x0000000080000000, 0x0000000100000000)
  region size 1024K, 29 young (29696K), 4 survivors (4096K)
 Metaspace       used 137272K, committed 139840K, reserved 557056K
  class space    used 18426K, committed 19648K, reserved 425984K
}
Event: 2157.877 GC heap after
{Heap after GC invocations=109 (full 0):
 garbage-first heap   total 414720K, used 338971K [0x0000000080000000, 0x0000000100000000)
  region size 1024K, 4 young (4096K), 4 survivors (4096K)
 Metaspace       used 137272K, committed 139840K, reserved 557056K
  class space    used 18426K, committed 19648K, reserved 425984K
}
Event: 2158.843 GC heap before
{Heap before GC invocations=109 (full 0):
 garbage-first heap   total 414720K, used 362523K [0x0000000080000000, 0x0000000100000000)
  region size 1024K, 27 young (27648K), 4 survivors (4096K)
 Metaspace       used 137393K, committed 139904K, reserved 557056K
  class space    used 18430K, committed 19648K, reserved 425984K
}
Event: 2158.861 GC heap after
{Heap after GC invocations=110 (full 0):
 garbage-first heap   total 414720K, used 343040K [0x0000000080000000, 0x0000000100000000)
  region size 1024K, 4 young (4096K), 4 survivors (4096K)
 Metaspace       used 137393K, committed 139904K, reserved 557056K
  class space    used 18430K, committed 19648K, reserved 425984K
}
Event: 2160.139 GC heap before
{Heap before GC invocations=110 (full 0):
 garbage-first heap   total 414720K, used 363520K [0x0000000080000000, 0x0000000100000000)
  region size 1024K, 24 young (24576K), 4 survivors (4096K)
 Metaspace       used 137409K, committed 139968K, reserved 557056K
  class space    used 18432K, committed 19648K, reserved 425984K
}
Event: 2160.154 GC heap after
{Heap after GC invocations=111 (full 0):
 garbage-first heap   total 414720K, used 346414K [0x0000000080000000, 0x0000000100000000)
  region size 1024K, 3 young (3072K), 3 survivors (3072K)
 Metaspace       used 137409K, committed 139968K, reserved 557056K
  class space    used 18432K, committed 19648K, reserved 425984K
}
Event: 2160.778 GC heap before
{Heap before GC invocations=111 (full 0):
 garbage-first heap   total 414720K, used 363822K [0x0000000080000000, 0x0000000100000000)
  region size 1024K, 20 young (20480K), 3 survivors (3072K)
 Metaspace       used 137520K, committed 140096K, reserved 557056K
  class space    used 18445K, committed 19648K, reserved 425984K
}
Event: 2160.797 GC heap after
{Heap after GC invocations=112 (full 0):
 garbage-first heap   total 414720K, used 352625K [0x0000000080000000, 0x0000000100000000)
  region size 1024K, 3 young (3072K), 3 survivors (3072K)
 Metaspace       used 137520K, committed 140096K, reserved 557056K
  class space    used 18445K, committed 19648K, reserved 425984K
}
Event: 2161.632 GC heap before
{Heap before GC invocations=112 (full 0):
 garbage-first heap   total 414720K, used 370033K [0x0000000080000000, 0x0000000100000000)
  region size 1024K, 20 young (20480K), 3 survivors (3072K)
 Metaspace       used 137586K, committed 140160K, reserved 557056K
  class space    used 18454K, committed 19712K, reserved 425984K
}
Event: 2161.648 GC heap after
{Heap after GC invocations=113 (full 0):
 garbage-first heap   total 414720K, used 356615K [0x0000000080000000, 0x0000000100000000)
  region size 1024K, 3 young (3072K), 3 survivors (3072K)
 Metaspace       used 137586K, committed 140160K, reserved 557056K
  class space    used 18454K, committed 19712K, reserved 425984K
}
Event: 2162.484 GC heap before
{Heap before GC invocations=113 (full 0):
 garbage-first heap   total 414720K, used 374023K [0x0000000080000000, 0x0000000100000000)
  region size 1024K, 20 young (20480K), 3 survivors (3072K)
 Metaspace       used 137609K, committed 140224K, reserved 557056K
  class space    used 18456K, committed 19712K, reserved 425984K
}
Event: 2162.497 GC heap after
{Heap after GC invocations=114 (full 0):
 garbage-first heap   total 414720K, used 359302K [0x0000000080000000, 0x0000000100000000)
  region size 1024K, 3 young (3072K), 3 survivors (3072K)
 Metaspace       used 137609K, committed 140224K, reserved 557056K
  class space    used 18456K, committed 19712K, reserved 425984K
}
Event: 2163.186 GC heap before
{Heap before GC invocations=114 (full 0):
 garbage-first heap   total 414720K, used 376710K [0x0000000080000000, 0x0000000100000000)
  region size 1024K, 20 young (20480K), 3 survivors (3072K)
 Metaspace       used 137618K, committed 140224K, reserved 557056K
  class space    used 18456K, committed 19712K, reserved 425984K
}
Event: 2163.195 GC heap after
{Heap after GC invocations=115 (full 0):
 garbage-first heap   total 414720K, used 360366K [0x0000000080000000, 0x0000000100000000)
  region size 1024K, 2 young (2048K), 2 survivors (2048K)
 Metaspace       used 137618K, committed 140224K, reserved 557056K
  class space    used 18456K, committed 19712K, reserved 425984K
}

